<?xml version="1.0" encoding="UTF-8"?>
<!-- Generated by org.testng.reporters.JUnitXMLReporter -->
<testsuite hostname="PARAMMEHTA-PM" name="RedditTest" tests="3" failures="0" timestamp="5 May 2019 19:22:33 GMT" time="112.318" errors="0">
  <testcase name="testLogin" time="4.128" classname="testSuit.RedittTest"/>
  <testcase name="verifyLogin" time="0.712" classname="testSuit.RedittTest"/>
  <testcase name="readPosts" time="91.866" classname="testSuit.RedittTest"/>
</testsuite> <!-- RedditTest -->
