<?xml version="1.0" encoding="UTF-8"?>
<!-- Generated by org.testng.reporters.JUnitXMLReporter -->
<testsuite hostname="PARAMMEHTA-PM" name="RedditTest" tests="3" failures="0" timestamp="5 May 2019 18:59:59 GMT" time="120.71" errors="0">
  <testcase name="testLogin" time="18.037" classname="testSuit.RedittTest"/>
  <testcase name="verifyLogin" time="0.873" classname="testSuit.RedittTest"/>
  <testcase name="readPosts" time="99.348" classname="testSuit.RedittTest"/>
</testsuite> <!-- RedditTest -->
