<?xml version="1.0" encoding="UTF-8"?>
<!-- Generated by org.testng.reporters.JUnitXMLReporter -->
<testsuite hostname="PARAMMEHTA-PM" name="Default test" tests="3" failures="0" timestamp="5 May 2019 12:08:17 GMT" time="91.891" errors="0">
  <testcase name="testLogin" time="16.976" classname="testSuit.RedittTest"/>
  <testcase name="verifyLogin" time="0.04" classname="testSuit.RedittTest"/>
  <testcase name="getSortedPosts" time="74.835" classname="testSuit.RedittTest"/>
</testsuite> <!-- Default test -->
