<?xml version="1.0" encoding="UTF-8"?>
<testng-results skipped="0" failed="0" total="2" passed="2">
  <reporter-output>
  </reporter-output>
  <suite name="Default suite" duration-ms="70665" started-at="2019-05-02T22:13:02Z" finished-at="2019-05-02T22:14:13Z">
    <groups>
    </groups>
    <test name="Default test" duration-ms="70665" started-at="2019-05-02T22:13:02Z" finished-at="2019-05-02T22:14:13Z">
      <class name="testFiles.RedittTest">
        <test-method status="PASS" signature="setUp()[pri:0, instance:testFiles.RedittTest@59fa1d9b]" name="setUp" is-config="true" duration-ms="20669" started-at="2019-05-03T03:42:42Z" finished-at="2019-05-03T03:43:02Z">
          <reporter-output>
          </reporter-output>
        </test-method> <!-- setUp -->
        <test-method status="PASS" signature="setup()[pri:0, instance:testFiles.RedittTest@59fa1d9b]" name="setup" is-config="true" duration-ms="0" started-at="2019-05-03T03:43:02Z" finished-at="2019-05-03T03:43:02Z">
          <reporter-output>
          </reporter-output>
        </test-method> <!-- setup -->
        <test-method status="PASS" signature="testLogin()[pri:0, instance:testFiles.RedittTest@59fa1d9b]" name="testLogin" duration-ms="13718" started-at="2019-05-03T03:43:02Z" finished-at="2019-05-03T03:43:16Z">
          <reporter-output>
          </reporter-output>
        </test-method> <!-- testLogin -->
        <test-method status="PASS" signature="getResult(org.testng.ITestResult)[pri:0, instance:testFiles.RedittTest@59fa1d9b]" name="getResult" is-config="true" duration-ms="2" started-at="2019-05-03T03:43:16Z" finished-at="2019-05-03T03:43:16Z">
          <params>
            <param index="0">
              <value>
                <![CDATA[[TestResult name=testLogin status=SUCCESS method=RedittTest.testLogin()[pri:0, instance:testFiles.RedittTest@59fa1d9b] output={null}]]]>
              </value>
            </param>
          </params>
          <reporter-output>
          </reporter-output>
        </test-method> <!-- getResult -->
        <test-method status="PASS" signature="setup()[pri:0, instance:testFiles.RedittTest@59fa1d9b]" name="setup" is-config="true" duration-ms="0" started-at="2019-05-03T03:43:16Z" finished-at="2019-05-03T03:43:16Z">
          <reporter-output>
          </reporter-output>
        </test-method> <!-- setup -->
        <test-method status="PASS" signature="getSortedPosts()[pri:0, instance:testFiles.RedittTest@59fa1d9b]" name="getSortedPosts" duration-ms="56907" started-at="2019-05-03T03:43:16Z" finished-at="2019-05-03T03:44:13Z">
          <reporter-output>
          </reporter-output>
        </test-method> <!-- getSortedPosts -->
        <test-method status="PASS" signature="getResult(org.testng.ITestResult)[pri:0, instance:testFiles.RedittTest@59fa1d9b]" name="getResult" is-config="true" duration-ms="0" started-at="2019-05-03T03:44:13Z" finished-at="2019-05-03T03:44:13Z">
          <params>
            <param index="0">
              <value>
                <![CDATA[[TestResult name=getSortedPosts status=SUCCESS method=RedittTest.getSortedPosts()[pri:0, instance:testFiles.RedittTest@59fa1d9b] output={null}]]]>
              </value>
            </param>
          </params>
          <reporter-output>
          </reporter-output>
        </test-method> <!-- getResult -->
        <test-method status="PASS" signature="teardown()[pri:0, instance:testFiles.RedittTest@59fa1d9b]" name="teardown" is-config="true" duration-ms="1107" started-at="2019-05-03T03:44:13Z" finished-at="2019-05-03T03:44:14Z">
          <reporter-output>
          </reporter-output>
        </test-method> <!-- teardown -->
      </class> <!-- testFiles.RedittTest -->
    </test> <!-- Default test -->
  </suite> <!-- Default suite -->
</testng-results>
